<?xml version="1.0" encoding="UTF-8"?>
<!-- Generated by org.testng.reporters.JUnitReportReporter -->
<testsuite skipped="0" hostname="P190493L" name="com.main.NewTest" tests="1" failures="0" timestamp="2020-12-24T10:00:23 CST" time="0.007" errors="0">
  <testcase name="f" time="0.007" classname="com.main.NewTest"/>
</testsuite> <!-- com.main.NewTest -->
