<?xml version="1.0" encoding="UTF-8"?>
<!-- Generated by org.testng.reporters.JUnitReportReporter -->
<testsuite skipped="0" hostname="P190493L" name="com.pages.Careers" tests="2" failures="0" timestamp="2021-11-17T16:25:16 CST" time="4.533" errors="0">
  <testcase name="Careers_TC05" time="2.219" classname="com.pages.Careers"/>
  <testcase name="AboutUs_TC06" time="2.314" classname="com.pages.Careers"/>
</testsuite> <!-- com.pages.Careers -->
