<?xml version="1.0" encoding="UTF-8"?>
<!-- Generated by org.testng.reporters.JUnitReportReporter -->
<testsuite skipped="0" hostname="P190493L" name="com.pages.Contacts" tests="1" failures="0" timestamp="2021-11-17T16:25:16 CST" time="10.446" errors="0">
  <testcase name="Contacts_04" time="10.446" classname="com.pages.Contacts"/>
</testsuite> <!-- com.pages.Contacts -->
