<?xml version="1.0" encoding="UTF-8"?>
<!-- Generated by org.testng.reporters.JUnitReportReporter -->
<testsuite skipped="0" hostname="P190493L" name="com.pages.Homepage" tests="2" failures="0" timestamp="2021-03-09T14:09:44 CST" time="15.748" errors="0">
  <testcase name="BasepageNavigation" time="7.515" classname="com.pages.Homepage"/>
  <testcase name="BasepageNavigation" time="8.233" classname="com.pages.Homepage"/>
</testsuite> <!-- com.pages.Homepage -->
